[INFO] Scanning for projects...
Downloading from aliyunmaven: https://maven.aliyun.com/repository/central/org/springframework/boot/spring-boot-starter-parent/3.5.7/spring-boot-starter-parent-3.5.7.pom
Progress (1): 7.3/13 kB
Progress (1): 13 kB    
                   
Downloaded from aliyunmaven: https://maven.aliyun.com/repository/central/org/springframework/boot/spring-boot-starter-parent/3.5.7/spring-boot-starter-parent-3.5.7.pom (13 kB at 4.8 kB/s)
Downloading from aliyunmaven: https://maven.aliyun.com/repository/central/org/springframework/boot/spring-boot-dependencies/3.5.7/spring-boot-dependencies-3.5.7.pom
Progress (1): 7.3/96 kB
Progress (1): 15/96 kB 
Progress (1): 32/96 kB
Progress (1): 48/96 kB
Progress (1): 64/96 kB
Progress (1): 81/96 kB
Progress (1): 96 kB   
                   
Downloaded from aliyunmaven: https://maven.aliyun.com/repository/central/org/springframework/boot/spring-boot-dependencies/3.5.7/spring-boot-dependencies-3.5.7.pom (96 kB at 47 kB/s)
Downloading from aliyunmaven: https://maven.aliyun.com/repository/central/org/apache/activemq/activemq-bom/6.1.8/activemq-bom-6.1.8.pom
Progress (1): 1.9/7.9 kB
Progress (1): 7.9 kB    
                    
Downloaded from aliyunmaven: https://maven.aliyun.com/repository/central/org/apache/activemq/activemq-bom/6.1.8/activemq-bom-6.1.8.pom (7.9 kB at 13 kB/s)
Downloading from aliyunmaven: https://maven.aliyun.com/repository/central/org/apache/activemq/artemis-bom/2.40.0/artemis-bom-2.40.0.pom
Progress (1): 7.3/9.6 kB
Progress (1): 9.6 kB    
                    
Downloaded from aliyunmaven: https://maven.aliyun.com/repository/central/org/apache/activemq/artemis-bom/2.40.0/artemis-bom-2.40.0.pom (9.6 kB at 17 kB/s)
Downloading from aliyunmaven: https://maven.aliyun.com/repository/central/org/apache/activemq/artemis-project/2.40.0/artemis-project-2.40.0.pom
Progress (1): 1.9/56 kB
Progress (1): 18/56 kB 
Progress (1): 35/56 kB
Progress (1): 51/56 kB
Progress (1): 56 kB   
                   
Downloaded from aliyunmaven: https://maven.aliyun.com/repository/central/org/apache/activemq/artemis-project/2.40.0/artemis-project-2.40.0.pom (56 kB at 46 kB/s)
Downloading from aliyunmaven: https://maven.aliyun.com/repository/central/org/apache/apache/33/apache-33.pom
Progress (1): 7.3/24 kB
Progress (1): 16/24 kB 
Progress (1): 24 kB   
                   
Downloaded from aliyunmaven: https://maven.aliyun.com/repository/central/org/apache/apache/33/apache-33.pom (24 kB at 9.1 kB/s)
Downloading from aliyunmaven: https://maven.aliyun.com/repository/central/org/assertj/assertj-bom/3.27.6/assertj-bom-3.27.6.pom
Progress (1): 3.3 kB
                    
Downloaded from aliyunmaven: https://maven.aliyun.com/repository/central/org/assertj/assertj-bom/3.27.6/assertj-bom-3.27.6.pom (3.3 kB at 2.4 kB/s)
Downloading from aliyunmaven: https://maven.aliyun.com/repository/central/io/zipkin/reporter2/zipkin-reporter-bom/3.5.1/zipkin-reporter-bom-3.5.1.pom
Progress (1): 6.3 kB
                    
Downloaded from aliyunmaven: https://maven.aliyun.com/repository/central/io/zipkin/reporter2/zipkin-reporter-bom/3.5.1/zipkin-reporter-bom-3.5.1.pom (6.3 kB at 6.2 kB/s)
Downloading from aliyunmaven: https://maven.aliyun.com/repository/central/io/zipkin/brave/brave-bom/6.1.0/brave-bom-6.1.0.pom
Progress (1): 7.2/11 kB
Progress (1): 11 kB    
                   
Downloaded from aliyunmaven: https://maven.aliyun.com/repository/central/io/zipkin/brave/brave-bom/6.1.0/brave-bom-6.1.0.pom (11 kB at 6.0 kB/s)
Downloading from aliyunmaven: https://maven.aliyun.com/repository/central/org/apache/cassandra/java-driver-bom/4.19.1/java-driver-bom-4.19.1.pom
Progress (1): 5.5 kB
                    
Downloaded from aliyunmaven: https://maven.aliyun.com/repository/central/org/apache/cassandra/java-driver-bom/4.19.1/java-driver-bom-4.19.1.pom (5.5 kB at 11 kB/s)
Downloading from aliyunmaven: https://maven.aliyun.com/repository/central/org/glassfish/jaxb/jaxb-bom/4.0.6/jaxb-bom-4.0.6.pom
Progress (1): 7.3/12 kB
Progress (1): 12 kB    
                   
Downloaded from aliyunmaven: https://maven.aliyun.com/repository/central/org/glassfish/jaxb/jaxb-bom/4.0.6/jaxb-bom-4.0.6.pom (12 kB at 13 kB/s)
Downloading from aliyunmaven: https://maven.aliyun.com/repository/central/org/eclipse/ee4j/project/1.0.9/project-1.0.9.pom
Progress (1): 7.3/16 kB
Progress (1): 7.8/16 kB
Progress (1): 16 kB    
                   
Downloaded from aliyunmaven: https://maven.aliyun.com/repository/central/org/eclipse/ee4j/project/1.0.9/project-1.0.9.pom (16 kB at 12 kB/s)
Downloading from aliyunmaven: https://maven.aliyun.com/repository/central/org/apache/groovy/groovy-bom/4.0.29/groovy-bom-4.0.29.pom
Progress (1): 7.3/27 kB
Progress (1): 15/27 kB 
Progress (1): 27 kB   
                   
Downloaded from aliyunmaven: https://maven.aliyun.com/repository/central/org/apache/groovy/groovy-bom/4.0.29/groovy-bom-4.0.29.pom (27 kB at 23 kB/s)
Downloading from aliyunmaven: https://maven.aliyun.com/repository/central/org/infinispan/infinispan-bom/15.2.6.Final/infinispan-bom-15.2.6.Final.pom
Progress (1): 7.3/17 kB
Progress (1): 15/17 kB 
Progress (1): 17 kB   
                   
Downloaded from aliyunmaven: https://maven.aliyun.com/repository/central/org/infinispan/infinispan-bom/15.2.6.Final/infinispan-bom-15.2.6.Final.pom (17 kB at 10 kB/s)
Downloading from aliyunmaven: https://maven.aliyun.com/repository/central/org/infinispan/infinispan-build-configuration-parent/15.2.6.Final/infinispan-build-configuration-parent-15.2.6.Final.pom
Progress (1): 1.9/17 kB
Progress (1): 17 kB    
                   
Downloaded from aliyunmaven: https://maven.aliyun.com/repository/central/org/infinispan/infinispan-build-configuration-parent/15.2.6.Final/infinispan-build-configuration-parent-15.2.6.Final.pom (17 kB at 13 kB/s)
Downloading from aliyunmaven: https://maven.aliyun.com/repository/central/com/fasterxml/jackson/jackson-bom/2.19.2/jackson-bom-2.19.2.pom
Progress (1): 7.2/20 kB
Progress (1): 15/20 kB 
Progress (1): 20 kB   
                   
Downloaded from aliyunmaven: https://maven.aliyun.com/repository/central/com/fasterxml/jackson/jackson-bom/2.19.2/jackson-bom-2.19.2.pom (20 kB at 34 kB/s)
Downloading from aliyunmaven: https://maven.aliyun.com/repository/central/com/fasterxml/jackson/jackson-parent/2.19.3/jackson-parent-2.19.3.pom
Progress (1): 6.2/7.2 kB
Progress (1): 7.2 kB    
                    
Downloaded from aliyunmaven: https://maven.aliyun.com/repository/central/com/fasterxml/jackson/jackson-parent/2.19.3/jackson-parent-2.19.3.pom (7.2 kB at 2.4 kB/s)
Downloading from aliyunmaven: https://maven.aliyun.com/repository/central/com/fasterxml/oss-parent/69/oss-parent-69.pom
Progress (1): 7.3/24 kB
Progress (1): 15/24 kB 
Progress (1): 24 kB   
                   
Downloaded from aliyunmaven: https://maven.aliyun.com/repository/central/com/fasterxml/oss-parent/69/oss-parent-69.pom (24 kB at 11 kB/s)
Downloading from aliyunmaven: https://maven.aliyun.com/repository/central/org/glassfish/jersey/jersey-bom/3.1.11/jersey-bom-3.1.11.pom
Progress (1): 7.3/21 kB
Progress (1): 15/21 kB 
Progress (1): 21 kB   
                   
Downloaded from aliyunmaven: https://maven.aliyun.com/repository/central/org/glassfish/jersey/jersey-bom/3.1.11/jersey-bom-3.1.11.pom (21 kB at 16 kB/s)
Downloading from aliyunmaven: https://maven.aliyun.com/repository/central/org/eclipse/jetty/ee10/jetty-ee10-bom/12.0.29/jetty-ee10-bom-12.0.29.pom
Progress (1): 2.9/9.6 kB
Progress (1): 9.6 kB    
                    
Downloaded from aliyunmaven: https://maven.aliyun.com/repository/central/org/eclipse/jetty/ee10/jetty-ee10-bom/12.0.29/jetty-ee10-bom-12.0.29.pom (9.6 kB at 8.4 kB/s)
Downloading from aliyunmaven: https://maven.aliyun.com/repository/central/org/eclipse/jetty/jetty-bom/12.0.29/jetty-bom-12.0.29.pom
Progress (1): 7.3/15 kB
Progress (1): 15 kB    
                   
Downloaded from aliyunmaven: https://maven.aliyun.com/repository/central/org/eclipse/jetty/jetty-bom/12.0.29/jetty-bom-12.0.29.pom (15 kB at 12 kB/s)
Downloading from aliyunmaven: https://maven.aliyun.com/repository/central/org/junit/junit-bom/5.12.2/junit-bom-5.12.2.pom
Progress (1): 5.6 kB
                    
Downloaded from aliyunmaven: https://maven.aliyun.com/repository/central/org/junit/junit-bom/5.12.2/junit-bom-5.12.2.pom (5.6 kB at 7.1 kB/s)
Downloading from aliyunmaven: https://maven.aliyun.com/repository/central/org/jetbrains/kotlin/kotlin-bom/1.9.25/kotlin-bom-1.9.25.pom
Progress (1): 7.3/9.1 kB
Progress (1): 9.1 kB    
                    
Downloaded from aliyunmaven: https://maven.aliyun.com/repository/central/org/jetbrains/kotlin/kotlin-bom/1.9.25/kotlin-bom-1.9.25.pom (9.1 kB at 10 kB/s)
Downloading from aliyunmaven: https://maven.aliyun.com/repository/central/org/jetbrains/kotlinx/kotlinx-coroutines-bom/1.8.1/kotlinx-coroutines-bom-1.8.1.pom
Progress (1): 4.3 kB
                    
Downloaded from aliyunmaven: https://maven.aliyun.com/repository/central/org/jetbrains/kotlinx/kotlinx-coroutines-bom/1.8.1/kotlinx-coroutines-bom-1.8.1.pom (4.3 kB at 6.1 kB/s)
Downloading from aliyunmaven: https://maven.aliyun.com/repository/central/org/jetbrains/kotlinx/kotlinx-serialization-bom/1.6.3/kotlinx-serialization-bom-1.6.3.pom
Progress (1): 3.7 kB
                    
Downloaded from aliyunmaven: https://maven.aliyun.com/repository/central/org/jetbrains/kotlinx/kotlinx-serialization-bom/1.6.3/kotlinx-serialization-bom-1.6.3.pom (3.7 kB at 3.0 kB/s)
Downloading from aliyunmaven: https://maven.aliyun.com/repository/central/org/apache/logging/log4j/log4j-bom/2.24.3/log4j-bom-2.24.3.pom
Progress (1): 7.3/12 kB
Progress (1): 12 kB    
                   
Downloaded from aliyunmaven: https://maven.aliyun.com/repository/central/org/apache/logging/log4j/log4j-bom/2.24.3/log4j-bom-2.24.3.pom (12 kB at 11 kB/s)
Downloading from aliyunmaven: https://maven.aliyun.com/repository/central/org/apache/logging/logging-parent/11.3.0/logging-parent-11.3.0.pom
Progress (1): 7.3/53 kB
Progress (1): 15/53 kB 
Progress (1): 32/53 kB
Progress (1): 48/53 kB
Progress (1): 53 kB   
                   
Downloaded from aliyunmaven: https://maven.aliyun.com/repository/central/org/apache/logging/logging-parent/11.3.0/logging-parent-11.3.0.pom (53 kB at 35 kB/s)
Downloading from aliyunmaven: https://maven.aliyun.com/repository/central/io/micrometer/micrometer-bom/1.15.5/micrometer-bom-1.15.5.pom
Progress (1): 0.4/8.6 kB
Progress (1): 8.6 kB    
                    
Downloaded from aliyunmaven: https://maven.aliyun.com/repository/central/io/micrometer/micrometer-bom/1.15.5/micrometer-bom-1.15.5.pom (8.6 kB at 8.7 kB/s)
Downloading from aliyunmaven: https://maven.aliyun.com/repository/central/io/micrometer/micrometer-tracing-bom/1.5.5/micrometer-tracing-bom-1.5.5.pom
Progress (1): 4.5 kB
                    
Downloaded from aliyunmaven: https://maven.aliyun.com/repository/central/io/micrometer/micrometer-tracing-bom/1.5.5/micrometer-tracing-bom-1.5.5.pom (4.5 kB at 4.5 kB/s)
Downloading from aliyunmaven: https://maven.aliyun.com/repository/central/org/mockito/mockito-bom/5.17.0/mockito-bom-5.17.0.pom
Progress (1): 3.0 kB
                    
Downloaded from aliyunmaven: https://maven.aliyun.com/repository/central/org/mockito/mockito-bom/5.17.0/mockito-bom-5.17.0.pom (3.0 kB at 7.8 kB/s)
Downloading from aliyunmaven: https://maven.aliyun.com/repository/central/org/mongodb/mongodb-driver-bom/5.5.2/mongodb-driver-bom-5.5.2.pom
Progress (1): 4.2 kB
                    
Downloaded from aliyunmaven: https://maven.aliyun.com/repository/central/org/mongodb/mongodb-driver-bom/5.5.2/mongodb-driver-bom-5.5.2.pom (4.2 kB at 5.8 kB/s)
Downloading from aliyunmaven: https://maven.aliyun.com/repository/central/io/netty/netty-bom/4.1.128.Final/netty-bom-4.1.128.Final.pom
Progress (1): 8.8/15 kB
Progress (1): 15 kB    
                   
Downloaded from aliyunmaven: https://maven.aliyun.com/repository/central/io/netty/netty-bom/4.1.128.Final/netty-bom-4.1.128.Final.pom (15 kB at 12 kB/s)
Downloading from aliyunmaven: https://maven.aliyun.com/repository/central/org/sonatype/oss/oss-parent/7/oss-parent-7.pom
Progress (1): 4.8 kB
                    
Downloaded from aliyunmaven: https://maven.aliyun.com/repository/central/org/sonatype/oss/oss-parent/7/oss-parent-7.pom (4.8 kB at 3.1 kB/s)
Downloading from aliyunmaven: https://maven.aliyun.com/repository/central/io/opentelemetry/opentelemetry-bom/1.49.0/opentelemetry-bom-1.49.0.pom
Progress (1): 5.9 kB
                    
Downloaded from aliyunmaven: https://maven.aliyun.com/repository/central/io/opentelemetry/opentelemetry-bom/1.49.0/opentelemetry-bom-1.49.0.pom (5.9 kB at 3.9 kB/s)
Downloading from aliyunmaven: https://maven.aliyun.com/repository/central/io/prometheus/prometheus-metrics-bom/1.3.10/prometheus-metrics-bom-1.3.10.pom
Progress (1): 5.8 kB
                    
Downloaded from aliyunmaven: https://maven.aliyun.com/repository/central/io/prometheus/prometheus-metrics-bom/1.3.10/prometheus-metrics-bom-1.3.10.pom (5.8 kB at 12 kB/s)
Downloading from aliyunmaven: https://maven.aliyun.com/repository/central/io/prometheus/client_java_parent/1.3.10/client_java_parent-1.3.10.pom
Progress (1): 4.4 kB
                    
Downloaded from aliyunmaven: https://maven.aliyun.com/repository/central/io/prometheus/client_java_parent/1.3.10/client_java_parent-1.3.10.pom (4.4 kB at 7.1 kB/s)
Downloading from aliyunmaven: https://maven.aliyun.com/repository/central/io/prometheus/simpleclient_bom/0.16.0/simpleclient_bom-0.16.0.pom
Progress (1): 6.0 kB
                    
Downloaded from aliyunmaven: https://maven.aliyun.com/repository/central/io/prometheus/simpleclient_bom/0.16.0/simpleclient_bom-0.16.0.pom (6.0 kB at 4.1 kB/s)
Downloading from aliyunmaven: https://maven.aliyun.com/repository/central/io/prometheus/parent/0.16.0/parent-0.16.0.pom
Progress (1): 3.4/13 kB
Progress (1): 13 kB    
                   
Downloaded from aliyunmaven: https://maven.aliyun.com/repository/central/io/prometheus/parent/0.16.0/parent-0.16.0.pom (13 kB at 8.9 kB/s)
Downloading from aliyunmaven: https://maven.aliyun.com/repository/central/org/apache/pulsar/pulsar-bom/4.0.7/pulsar-bom-4.0.7.pom
Progress (1): 7.2/25 kB
Progress (1): 15/25 kB 
Progress (1): 25 kB   
                   
Downloaded from aliyunmaven: https://maven.aliyun.com/repository/central/org/apache/pulsar/pulsar-bom/4.0.7/pulsar-bom-4.0.7.pom (25 kB at 23 kB/s)
Downloading from aliyunmaven: https://maven.aliyun.com/repository/central/org/apache/apache/35/apache-35.pom
Progress (1): 7.3/24 kB
Progress (1): 15/24 kB 
Progress (1): 24 kB   
                   
Downloaded from aliyunmaven: https://maven.aliyun.com/repository/central/org/apache/apache/35/apache-35.pom (24 kB at 17 kB/s)
Downloading from aliyunmaven: https://maven.aliyun.com/repository/central/org/apache/pulsar/pulsar-client-reactive-bom/0.6.0/pulsar-client-reactive-bom-0.6.0.pom
Progress (1): 2.8 kB
                    
Downloaded from aliyunmaven: https://maven.aliyun.com/repository/central/org/apache/pulsar/pulsar-client-reactive-bom/0.6.0/pulsar-client-reactive-bom-0.6.0.pom (2.8 kB at 7.2 kB/s)
Downloading from aliyunmaven: https://maven.aliyun.com/repository/central/com/querydsl/querydsl-bom/5.1.0/querydsl-bom-5.1.0.pom
Progress (1): 3.4/7.2 kB
Progress (1): 7.2 kB    
                    
Downloaded from aliyunmaven: https://maven.aliyun.com/repository/central/com/querydsl/querydsl-bom/5.1.0/querydsl-bom-5.1.0.pom (7.2 kB at 4.4 kB/s)
Downloading from aliyunmaven: https://maven.aliyun.com/repository/central/io/projectreactor/reactor-bom/2024.0.11/reactor-bom-2024.0.11.pom
Progress (1): 4.8 kB
                    
Downloaded from aliyunmaven: https://maven.aliyun.com/repository/central/io/projectreactor/reactor-bom/2024.0.11/reactor-bom-2024.0.11.pom (4.8 kB at 15 kB/s)
Downloading from aliyunmaven: https://maven.aliyun.com/repository/central/io/rest-assured/rest-assured-bom/5.5.6/rest-assured-bom-5.5.6.pom
Progress (1): 4.7 kB
                    
Downloaded from aliyunmaven: https://maven.aliyun.com/repository/central/io/rest-assured/rest-assured-bom/5.5.6/rest-assured-bom-5.5.6.pom (4.7 kB at 2.4 kB/s)
Downloading from aliyunmaven: https://maven.aliyun.com/repository/central/io/rsocket/rsocket-bom/1.1.5/rsocket-bom-1.1.5.pom
Progress (1): 2.4 kB
                    
Downloaded from aliyunmaven: https://maven.aliyun.com/repository/central/io/rsocket/rsocket-bom/1.1.5/rsocket-bom-1.1.5.pom (2.4 kB at 2.1 kB/s)
Downloading from aliyunmaven: https://maven.aliyun.com/repository/central/org/seleniumhq/selenium/selenium-bom/4.31.0/selenium-bom-4.31.0.pom
Progress (1): 5.8 kB
                    
Downloaded from aliyunmaven: https://maven.aliyun.com/repository/central/org/seleniumhq/selenium/selenium-bom/4.31.0/selenium-bom-4.31.0.pom (5.8 kB at 4.4 kB/s)
Downloading from aliyunmaven: https://maven.aliyun.com/repository/central/org/springframework/amqp/spring-amqp-bom/3.2.8/spring-amqp-bom-3.2.8.pom
Progress (1): 1.9/3.9 kB
Progress (1): 3.9 kB    
                    
Downloaded from aliyunmaven: https://maven.aliyun.com/repository/central/org/springframework/amqp/spring-amqp-bom/3.2.8/spring-amqp-bom-3.2.8.pom (3.9 kB at 3.5 kB/s)
Downloading from aliyunmaven: https://maven.aliyun.com/repository/central/org/springframework/batch/spring-batch-bom/5.2.4/spring-batch-bom-5.2.4.pom
Progress (1): 1.9/3.2 kB
Progress (1): 3.2 kB    
                    
Downloaded from aliyunmaven: https://maven.aliyun.com/repository/central/org/springframework/batch/spring-batch-bom/5.2.4/spring-batch-bom-5.2.4.pom (3.2 kB at 2.5 kB/s)
Downloading from aliyunmaven: https://maven.aliyun.com/repository/central/org/springframework/data/spring-data-bom/2025.0.5/spring-data-bom-2025.0.5.pom
Progress (1): 5.5 kB
                    
Downloaded from aliyunmaven: https://maven.aliyun.com/repository/central/org/springframework/data/spring-data-bom/2025.0.5/spring-data-bom-2025.0.5.pom (5.5 kB at 3.2 kB/s)
Downloading from aliyunmaven: https://maven.aliyun.com/repository/central/org/springframework/spring-framework-bom/6.2.12/spring-framework-bom-6.2.12.pom
Progress (1): 5.8 kB
                    
Downloaded from aliyunmaven: https://maven.aliyun.com/repository/central/org/springframework/spring-framework-bom/6.2.12/spring-framework-bom-6.2.12.pom (5.8 kB at 12 kB/s)
Downloading from aliyunmaven: https://maven.aliyun.com/repository/central/org/springframework/integration/spring-integration-bom/6.5.3/spring-integration-bom-6.5.3.pom
Progress (1): 7.3/10 kB
Progress (1): 10 kB    
                   
Downloaded from aliyunmaven: https://maven.aliyun.com/repository/central/org/springframework/integration/spring-integration-bom/6.5.3/spring-integration-bom-6.5.3.pom (10 kB at 7.7 kB/s)
Downloading from aliyunmaven: https://maven.aliyun.com/repository/central/org/springframework/pulsar/spring-pulsar-bom/1.2.11/spring-pulsar-bom-1.2.11.pom
Progress (1): 2.9 kB
                    
Downloaded from aliyunmaven: https://maven.aliyun.com/repository/central/org/springframework/pulsar/spring-pulsar-bom/1.2.11/spring-pulsar-bom-1.2.11.pom (2.9 kB at 2.6 kB/s)
Downloading from aliyunmaven: https://maven.aliyun.com/repository/central/org/springframework/restdocs/spring-restdocs-bom/3.0.5/spring-restdocs-bom-3.0.5.pom
Progress (1): 2.6 kB
                    
Downloaded from aliyunmaven: https://maven.aliyun.com/repository/central/org/springframework/restdocs/spring-restdocs-bom/3.0.5/spring-restdocs-bom-3.0.5.pom (2.6 kB at 2.2 kB/s)
Downloading from aliyunmaven: https://maven.aliyun.com/repository/central/org/springframework/security/spring-security-bom/6.5.6/spring-security-bom-6.5.6.pom
Progress (1): 5.3 kB
                    
Downloaded from aliyunmaven: https://maven.aliyun.com/repository/central/org/springframework/security/spring-security-bom/6.5.6/spring-security-bom-6.5.6.pom (5.3 kB at 6.6 kB/s)
Downloading from aliyunmaven: https://maven.aliyun.com/repository/central/org/springframework/session/spring-session-bom/3.5.3/spring-session-bom-3.5.3.pom
Progress (1): 2.9 kB
                    
Downloaded from aliyunmaven: https://maven.aliyun.com/repository/central/org/springframework/session/spring-session-bom/3.5.3/spring-session-bom-3.5.3.pom (2.9 kB at 1.8 kB/s)
Downloading from aliyunmaven: https://maven.aliyun.com/repository/central/org/springframework/ws/spring-ws-bom/4.1.2/spring-ws-bom-4.1.2.pom
Progress (1): 2.3 kB
                    
Downloaded from aliyunmaven: https://maven.aliyun.com/repository/central/org/springframework/ws/spring-ws-bom/4.1.2/spring-ws-bom-4.1.2.pom (2.3 kB at 3.6 kB/s)
Downloading from aliyunmaven: https://maven.aliyun.com/repository/central/org/testcontainers/testcontainers-bom/1.21.3/testcontainers-bom-1.21.3.pom
Progress (1): 7.2/12 kB
Progress (1): 12 kB    
                   
Downloaded from aliyunmaven: https://maven.aliyun.com/repository/central/org/testcontainers/testcontainers-bom/1.21.3/testcontainers-bom-1.21.3.pom (12 kB at 10 kB/s)
Downloading from aliyunmaven: https://maven.aliyun.com/repository/central/org/springframework/boot/spring-boot-maven-plugin/3.5.7/spring-boot-maven-plugin-3.5.7.pom
Progress (1): 4.0 kB
                    
Downloaded from aliyunmaven: https://maven.aliyun.com/repository/central/org/springframework/boot/spring-boot-maven-plugin/3.5.7/spring-boot-maven-plugin-3.5.7.pom (4.0 kB at 3.4 kB/s)
Downloading from aliyunmaven: https://maven.aliyun.com/repository/central/org/springframework/boot/spring-boot-maven-plugin/3.5.7/spring-boot-maven-plugin-3.5.7.jar
Progress (1): 16/139 kB
Progress (1): 28/139 kB
Progress (1): 40/139 kB
Progress (1): 57/139 kB
Progress (1): 61/139 kB
Progress (1): 77/139 kB
Progress (1): 85/139 kB
Progress (1): 90/139 kB
Progress (1): 106/139 kB
Progress (1): 114/139 kB
Progress (1): 122/139 kB
Progress (1): 139 kB    
                    
Downloaded from aliyunmaven: https://maven.aliyun.com/repository/central/org/springframework/boot/spring-boot-maven-plugin/3.5.7/spring-boot-maven-plugin-3.5.7.jar (139 kB at 47 kB/s)
[INFO] 
[INFO] --------------------< com.leansofx:qa-service-user >--------------------
[INFO] Building qa-service-user 0.0.1-SNAPSHOT
[INFO]   from pom.xml
[INFO] --------------------------------[ jar ]---------------------------------
Downloading from aliyunmaven: https://maven.aliyun.com/repository/central/org/apache/maven/plugins/maven-resources-plugin/3.3.1/maven-resources-plugin-3.3.1.pom
Progress (1): 7.3/8.2 kB
Progress (1): 8.2 kB    
                    
Downloaded from aliyunmaven: https://maven.aliyun.com/repository/central/org/apache/maven/plugins/maven-resources-plugin/3.3.1/maven-resources-plugin-3.3.1.pom (8.2 kB at 26 kB/s)
Downloading from aliyunmaven: https://maven.aliyun.com/repository/central/org/apache/maven/plugins/maven-plugins/39/maven-plugins-39.pom
Progress (1): 7.3/8.1 kB
Progress (1): 8.1 kB    
                    
Downloaded from aliyunmaven: https://maven.aliyun.com/repository/central/org/apache/maven/plugins/maven-plugins/39/maven-plugins-39.pom (8.1 kB at 22 kB/s)
Downloading from aliyunmaven: https://maven.aliyun.com/repository/central/org/apache/maven/maven-parent/39/maven-parent-39.pom
Progress (1): 0.5/48 kB
Progress (1): 17/48 kB 
Progress (1): 33/48 kB
Progress (1): 48 kB   
                   
Downloaded from aliyunmaven: https://maven.aliyun.com/repository/central/org/apache/maven/maven-parent/39/maven-parent-39.pom (48 kB at 29 kB/s)
Downloading from aliyunmaven: https://maven.aliyun.com/repository/central/org/apache/apache/29/apache-29.pom
Progress (1): 7.3/21 kB
Progress (1): 16/21 kB 
Progress (1): 21 kB   
                   
Downloaded from aliyunmaven: https://maven.aliyun.com/repository/central/org/apache/apache/29/apache-29.pom (21 kB at 17 kB/s)
Downloading from aliyunmaven: https://maven.aliyun.com/repository/central/org/apache/maven/plugins/maven-resources-plugin/3.3.1/maven-resources-plugin-3.3.1.jar
Progress (1): 7.3/31 kB
Progress (1): 16/31 kB 
Progress (1): 22/31 kB
Progress (1): 31 kB   
                   
Downloaded from aliyunmaven: https://maven.aliyun.com/repository/central/org/apache/maven/plugins/maven-resources-plugin/3.3.1/maven-resources-plugin-3.3.1.jar (31 kB at 22 kB/s)
Downloading from aliyunmaven: https://maven.aliyun.com/repository/central/org/apache/maven/plugins/maven-compiler-plugin/3.14.1/maven-compiler-plugin-3.14.1.pom
Progress (1): 7.3/9.9 kB
Progress (1): 9.9 kB    
                    
Downloaded from aliyunmaven: https://maven.aliyun.com/repository/central/org/apache/maven/plugins/maven-compiler-plugin/3.14.1/maven-compiler-plugin-3.14.1.pom (9.9 kB at 34 kB/s)
Downloading from aliyunmaven: https://maven.aliyun.com/repository/central/org/apache/maven/plugins/maven-plugins/45/maven-plugins-45.pom
Progress (1): 7.3/8.4 kB
Progress (1): 8.4 kB    
                    
Downloaded from aliyunmaven: https://maven.aliyun.com/repository/central/org/apache/maven/plugins/maven-plugins/45/maven-plugins-45.pom (8.4 kB at 17 kB/s)
Downloading from aliyunmaven: https://maven.aliyun.com/repository/central/org/apache/maven/maven-parent/45/maven-parent-45.pom
Progress (1): 7.3/53 kB
Progress (1): 15/53 kB 
Progress (1): 32/53 kB
Progress (1): 48/53 kB
Progress (1): 53 kB   
                   
Downloaded from aliyunmaven: https://maven.aliyun.com/repository/central/org/apache/maven/maven-parent/45/maven-parent-45.pom (53 kB at 35 kB/s)
Downloading from aliyunmaven: https://maven.aliyun.com/repository/central/org/junit/junit-bom/5.13.1/junit-bom-5.13.1.pom
Progress (1): 0.4/5.6 kB
Progress (1): 5.6 kB    
                    
Downloaded from aliyunmaven: https://maven.aliyun.com/repository/central/org/junit/junit-bom/5.13.1/junit-bom-5.13.1.pom (5.6 kB at 6.2 kB/s)
Downloading from aliyunmaven: https://maven.aliyun.com/repository/central/org/apache/maven/plugins/maven-compiler-plugin/3.14.1/maven-compiler-plugin-3.14.1.jar
Progress (1): 1.9/84 kB
Progress (1): 18/84 kB 
Progress (1): 24/84 kB
Progress (1): 40/84 kB
Progress (1): 57/84 kB
Progress (1): 68/84 kB
Progress (1): 70/84 kB
Progress (1): 84 kB   
                   
Downloaded from aliyunmaven: https://maven.aliyun.com/repository/central/org/apache/maven/plugins/maven-compiler-plugin/3.14.1/maven-compiler-plugin-3.14.1.jar (84 kB at 36 kB/s)
[INFO] 
[INFO] >>> spring-boot:3.5.7:run (default-cli) > test-compile @ qa-service-user >>>
Downloading from aliyunmaven: https://maven.aliyun.com/repository/central/org/springframework/boot/spring-boot-starter-web/3.5.7/spring-boot-starter-web-3.5.7.pom
Progress (1): 2.9 kB
                    
Downloaded from aliyunmaven: https://maven.aliyun.com/repository/central/org/springframework/boot/spring-boot-starter-web/3.5.7/spring-boot-starter-web-3.5.7.pom (2.9 kB at 3.0 kB/s)
Downloading from aliyunmaven: https://maven.aliyun.com/repository/central/org/springframework/boot/spring-boot-starter/3.5.7/spring-boot-starter-3.5.7.pom
Progress (1): 3.0 kB
                    
Downloaded from aliyunmaven: https://maven.aliyun.com/repository/central/org/springframework/boot/spring-boot-starter/3.5.7/spring-boot-starter-3.5.7.pom (3.0 kB at 5.0 kB/s)
Downloading from aliyunmaven: https://maven.aliyun.com/repository/central/org/springframework/boot/spring-boot/3.5.7/spring-boot-3.5.7.pom
Progress (1): 2.2 kB
                    
Downloaded from aliyunmaven: https://maven.aliyun.com/repository/central/org/springframework/boot/spring-boot/3.5.7/spring-boot-3.5.7.pom (2.2 kB at 1.4 kB/s)
Downloading from aliyunmaven: https://maven.aliyun.com/repository/central/org/springframework/spring-core/6.2.12/spring-core-6.2.12.pom
Progress (1): 2.0 kB
                    
Downloaded from aliyunmaven: https://maven.aliyun.com/repository/central/org/springframework/spring-core/6.2.12/spring-core-6.2.12.pom (2.0 kB at 3.2 kB/s)
Downloading from aliyunmaven: https://maven.aliyun.com/repository/central/org/springframework/spring-jcl/6.2.12/spring-jcl-6.2.12.pom
Progress (1): 1.8 kB
                    
Downloaded from aliyunmaven: https://maven.aliyun.com/repository/central/org/springframework/spring-jcl/6.2.12/spring-jcl-6.2.12.pom (1.8 kB at 1.9 kB/s)
Downloading from aliyunmaven: https://maven.aliyun.com/repository/central/org/springframework/spring-context/6.2.12/spring-context-6.2.12.pom
Progress (1): 2.8 kB
                    
Downloaded from aliyunmaven: https://maven.aliyun.com/repository/central/org/springframework/spring-context/6.2.12/spring-context-6.2.12.pom (2.8 kB at 1.8 kB/s)
Downloading from aliyunmaven: https://maven.aliyun.com/repository/central/org/springframework/spring-aop/6.2.12/spring-aop-6.2.12.pom
Progress (1): 2.2 kB
                    
Downloaded from aliyunmaven: https://maven.aliyun.com/repository/central/org/springframework/spring-aop/6.2.12/spring-aop-6.2.12.pom (2.2 kB at 3.6 kB/s)
Downloading from aliyunmaven: https://maven.aliyun.com/repository/central/org/springframework/spring-beans/6.2.12/spring-beans-6.2.12.pom
Progress (1): 2.0 kB
                    
Downloaded from aliyunmaven: https://maven.aliyun.com/repository/central/org/springframework/spring-beans/6.2.12/spring-beans-6.2.12.pom (2.0 kB at 2.0 kB/s)
Downloading from aliyunmaven: https://maven.aliyun.com/repository/central/org/springframework/spring-expression/6.2.12/spring-expression-6.2.12.pom
Progress (1): 2.1 kB
                    
Downloaded from aliyunmaven: https://maven.aliyun.com/repository/central/org/springframework/spring-expression/6.2.12/spring-expression-6.2.12.pom (2.1 kB at 1.7 kB/s)
Downloading from aliyunmaven: https://maven.aliyun.com/repository/central/io/micrometer/micrometer-observation/1.15.5/micrometer-observation-1.15.5.pom
Progress (1): 3.8 kB
                    
Downloaded from aliyunmaven: https://maven.aliyun.com/repository/central/io/micrometer/micrometer-observation/1.15.5/micrometer-observation-1.15.5.pom (3.8 kB at 2.9 kB/s)
Downloading from aliyunmaven: https://maven.aliyun.com/repository/central/io/micrometer/micrometer-commons/1.15.5/micrometer-commons-1.15.5.pom
Progress (1): 3.4 kB
                    
Downloaded from aliyunmaven: https://maven.aliyun.com/repository/central/io/micrometer/micrometer-commons/1.15.5/micrometer-commons-1.15.5.pom (3.4 kB at 2.6 kB/s)
Downloading from aliyunmaven: https://maven.aliyun.com/repository/central/org/springframework/boot/spring-boot-autoconfigure/3.5.7/spring-boot-autoconfigure-3.5.7.pom
Progress (1): 2.1 kB
                    
Downloaded from aliyunmaven: https://maven.aliyun.com/repository/central/org/springframework/boot/spring-boot-autoconfigure/3.5.7/spring-boot-autoconfigure-3.5.7.pom (2.1 kB at 2.5 kB/s)
Downloading from aliyunmaven: https://maven.aliyun.com/repository/central/org/springframework/boot/spring-boot-starter-logging/3.5.7/spring-boot-starter-logging-3.5.7.pom
Progress (1): 2.5 kB
                    
Downloaded from aliyunmaven: https://maven.aliyun.com/repository/central/org/springframework/boot/spring-boot-starter-logging/3.5.7/spring-boot-starter-logging-3.5.7.pom (2.5 kB at 1.8 kB/s)
Downloading from aliyunmaven: https://maven.aliyun.com/repository/central/ch/qos/logback/logback-classic/1.5.20/logback-classic-1.5.20.pom
Progress (1): 3.5/13 kB
Progress (1): 7.6/13 kB
Progress (1): 13 kB    
                   
Downloaded from aliyunmaven: https://maven.aliyun.com/repository/central/ch/qos/logback/logback-classic/1.5.20/logback-classic-1.5.20.pom (13 kB at 7.5 kB/s)
Downloading from aliyunmaven: https://maven.aliyun.com/repository/central/ch/qos/logback/logback-parent/1.5.20/logback-parent-1.5.20.pom
Progress (1): 16/19 kB
Progress (1): 19 kB   
                   
Downloaded from aliyunmaven: https://maven.aliyun.com/repository/central/ch/qos/logback/logback-parent/1.5.20/logback-parent-1.5.20.pom (19 kB at 14 kB/s)
Downloading from aliyunmaven: https://maven.aliyun.com/repository/central/ch/qos/logback/logback-core/1.5.20/logback-core-1.5.20.pom
Progress (1): 7.3/9.1 kB
Progress (1): 9.1 kB    
                    
Downloaded from aliyunmaven: https://maven.aliyun.com/repository/central/ch/qos/logback/logback-core/1.5.20/logback-core-1.5.20.pom (9.1 kB at 8.2 kB/s)
Downloading from aliyunmaven: https://maven.aliyun.com/repository/central/org/slf4j/slf4j-api/2.0.17/slf4j-api-2.0.17.pom
Progress (1): 1.9/2.8 kB
Progress (1): 2.8 kB    
                    
Downloaded from aliyunmaven: https://maven.aliyun.com/repository/central/org/slf4j/slf4j-api/2.0.17/slf4j-api-2.0.17.pom (2.8 kB at 6.6 kB/s)
Downloading from aliyunmaven: https://maven.aliyun.com/repository/central/org/slf4j/slf4j-parent/2.0.17/slf4j-parent-2.0.17.pom
Progress (1): 1.9/13 kB
Progress (1): 13 kB    
                   
Downloaded from aliyunmaven: https://maven.aliyun.com/repository/central/org/slf4j/slf4j-parent/2.0.17/slf4j-parent-2.0.17.pom (13 kB at 15 kB/s)
Downloading from aliyunmaven: https://maven.aliyun.com/repository/central/org/slf4j/slf4j-bom/2.0.17/slf4j-bom-2.0.17.pom
Progress (1): 0.4/7.3 kB
Progress (1): 7.3 kB    
                    
Downloaded from aliyunmaven: https://maven.aliyun.com/repository/central/org/slf4j/slf4j-bom/2.0.17/slf4j-bom-2.0.17.pom (7.3 kB at 23 kB/s)
Downloading from aliyunmaven: https://maven.aliyun.com/repository/central/org/apache/logging/log4j/log4j-to-slf4j/2.24.3/log4j-to-slf4j-2.24.3.pom
Progress (1): 5.0 kB
                    
Downloaded from aliyunmaven: https://maven.aliyun.com/repository/central/org/apache/logging/log4j/log4j-to-slf4j/2.24.3/log4j-to-slf4j-2.24.3.pom (5.0 kB at 3.8 kB/s)
Downloading from aliyunmaven: https://maven.aliyun.com/repository/central/org/apache/logging/log4j/log4j/2.24.3/log4j-2.24.3.pom
Progress (1): 7.2/35 kB
Progress (1): 15/35 kB 
Progress (1): 32/35 kB
Progress (1): 35 kB   
                   
Downloaded from aliyunmaven: https://maven.aliyun.com/repository/central/org/apache/logging/log4j/log4j/2.24.3/log4j-2.24.3.pom (35 kB at 18 kB/s)
Downloading from aliyunmaven: https://maven.aliyun.com/repository/central/org/apache/groovy/groovy-bom/4.0.22/groovy-bom-4.0.22.pom
Progress (1): 7.3/27 kB
Progress (1): 16/27 kB 
Progress (1): 27 kB   
                   
Downloaded from aliyunmaven: https://maven.aliyun.com/repository/central/org/apache/groovy/groovy-bom/4.0.22/groovy-bom-4.0.22.pom (27 kB at 10 kB/s)
Downloading from aliyunmaven: https://maven.aliyun.com/repository/central/com/fasterxml/jackson/jackson-bom/2.17.2/jackson-bom-2.17.2.pom
Progress (1): 7.3/19 kB
Progress (1): 16/19 kB 
Progress (1): 19 kB   
                   
Downloaded from aliyunmaven: https://maven.aliyun.com/repository/central/com/fasterxml/jackson/jackson-bom/2.17.2/jackson-bom-2.17.2.pom (19 kB at 21 kB/s)
Downloading from aliyunmaven: https://maven.aliyun.com/repository/central/com/fasterxml/jackson/jackson-parent/2.17/jackson-parent-2.17.pom
Progress (1): 0.5/6.5 kB
Progress (1): 6.5 kB    
                    
Downloaded from aliyunmaven: https://maven.aliyun.com/repository/central/com/fasterxml/jackson/jackson-parent/2.17/jackson-parent-2.17.pom (6.5 kB at 4.9 kB/s)
Downloading from aliyunmaven: https://maven.aliyun.com/repository/central/com/fasterxml/oss-parent/58/oss-parent-58.pom
Progress (1): 7.3/24 kB
Progress (1): 16/24 kB 
Progress (1): 24 kB   
                   
Downloaded from aliyunmaven: https://maven.aliyun.com/repository/central/com/fasterxml/oss-parent/58/oss-parent-58.pom (24 kB at 16 kB/s)
Downloading from aliyunmaven: https://maven.aliyun.com/repository/central/jakarta/platform/jakarta.jakartaee-bom/9.1.0/jakarta.jakartaee-bom-9.1.0.pom
Progress (1): 7.3/9.6 kB
Progress (1): 9.6 kB    
                    
Downloaded from aliyunmaven: https://maven.aliyun.com/repository/central/jakarta/platform/jakarta.jakartaee-bom/9.1.0/jakarta.jakartaee-bom-9.1.0.pom (9.6 kB at 4.7 kB/s)
Downloading from aliyunmaven: https://maven.aliyun.com/repository/central/jakarta/platform/jakartaee-api-parent/9.1.0/jakartaee-api-parent-9.1.0.pom
Progress (1): 4.8/15 kB
Progress (1): 15 kB    
                   
Downloaded from aliyunmaven: https://maven.aliyun.com/repository/central/jakarta/platform/jakartaee-api-parent/9.1.0/jakartaee-api-parent-9.1.0.pom (15 kB at 36 kB/s)
Downloading from aliyunmaven: https://maven.aliyun.com/repository/central/org/eclipse/ee4j/project/1.0.7/project-1.0.7.pom
Progress (1): 7.3/14 kB
Progress (1): 14 kB    
                   
Downloaded from aliyunmaven: https://maven.aliyun.com/repository/central/org/eclipse/ee4j/project/1.0.7/project-1.0.7.pom (14 kB at 12 kB/s)
Downloading from aliyunmaven: https://maven.aliyun.com/repository/central/org/junit/junit-bom/5.10.3/junit-bom-5.10.3.pom
Progress (1): 0.5/5.6 kB
Progress (1): 5.6 kB    
                    
Downloaded from aliyunmaven: https://maven.aliyun.com/repository/central/org/junit/junit-bom/5.10.3/junit-bom-5.10.3.pom (5.6 kB at 3.9 kB/s)
Downloading from aliyunmaven: https://maven.aliyun.com/repository/central/org/mockito/mockito-bom/4.11.0/mockito-bom-4.11.0.pom
Progress (1): 3.2 kB
                    
Downloaded from aliyunmaven: https://maven.aliyun.com/repository/central/org/mockito/mockito-bom/4.11.0/mockito-bom-4.11.0.pom (3.2 kB at 2.7 kB/s)
Downloading from aliyunmaven: https://maven.aliyun.com/repository/central/org/springframework/spring-framework-bom/5.3.39/spring-framework-bom-5.3.39.pom
Progress (1): 0.5/5.7 kB
Progress (1): 5.7 kB    
                    
Downloaded from aliyunmaven: https://maven.aliyun.com/repository/central/org/springframework/spring-framework-bom/5.3.39/spring-framework-bom-5.3.39.pom (5.7 kB at 7.8 kB/s)
Downloading from aliyunmaven: https://maven.aliyun.com/repository/central/org/apache/logging/log4j/log4j-api/2.24.3/log4j-api-2.24.3.pom
Progress (1): 0.4/4.4 kB
Progress (1): 4.4 kB    
                    
Downloaded from aliyunmaven: https://maven.aliyun.com/repository/central/org/apache/logging/log4j/log4j-api/2.24.3/log4j-api-2.24.3.pom (4.4 kB at 9.0 kB/s)
Downloading from aliyunmaven: https://maven.aliyun.com/repository/central/org/slf4j/jul-to-slf4j/2.0.17/jul-to-slf4j-2.0.17.pom
Progress (1): 1.1 kB
                    
Downloaded from aliyunmaven: https://maven.aliyun.com/repository/central/org/slf4j/jul-to-slf4j/2.0.17/jul-to-slf4j-2.0.17.pom (1.1 kB at 1.4 kB/s)
Downloading from aliyunmaven: https://maven.aliyun.com/repository/central/jakarta/annotation/jakarta.annotation-api/2.1.1/jakarta.annotation-api-2.1.1.pom
Progress (1): 7.3/16 kB
Progress (1): 16/16 kB 
Progress (1): 16 kB   
                   
Downloaded from aliyunmaven: https://maven.aliyun.com/repository/central/jakarta/annotation/jakarta.annotation-api/2.1.1/jakarta.annotation-api-2.1.1.pom (16 kB at 12 kB/s)
Downloading from aliyunmaven: https://maven.aliyun.com/repository/central/org/yaml/snakeyaml/2.4/snakeyaml-2.4.pom
Progress (1): 7.3/22 kB
Progress (1): 15/22 kB 
Progress (1): 22 kB   
                   
Downloaded from aliyunmaven: https://maven.aliyun.com/repository/central/org/yaml/snakeyaml/2.4/snakeyaml-2.4.pom (22 kB at 7.7 kB/s)
Downloading from aliyunmaven: https://maven.aliyun.com/repository/central/org/springframework/boot/spring-boot-starter-json/3.5.7/spring-boot-starter-json-3.5.7.pom
Progress (1): 3.1 kB
                    
Downloaded from aliyunmaven: https://maven.aliyun.com/repository/central/org/springframework/boot/spring-boot-starter-json/3.5.7/spring-boot-starter-json-3.5.7.pom (3.1 kB at 1.7 kB/s)
Downloading from aliyunmaven: https://maven.aliyun.com/repository/central/org/springframework/spring-web/6.2.12/spring-web-6.2.12.pom
Progress (1): 2.4 kB
                    
Downloaded from aliyunmaven: https://maven.aliyun.com/repository/central/org/springframework/spring-web/6.2.12/spring-web-6.2.12.pom (2.4 kB at 1.5 kB/s)
Downloading from aliyunmaven: https://maven.aliyun.com/repository/central/com/fasterxml/jackson/core/jackson-databind/2.19.2/jackson-databind-2.19.2.pom
Progress (1): 3.3/23 kB
Progress (1): 20/23 kB 
Progress (1): 23 kB   
                   
Downloaded from aliyunmaven: https://maven.aliyun.com/repository/central/com/fasterxml/jackson/core/jackson-databind/2.19.2/jackson-databind-2.19.2.pom (23 kB at 11 kB/s)
Downloading from aliyunmaven: https://maven.aliyun.com/repository/central/com/fasterxml/jackson/jackson-base/2.19.2/jackson-base-2.19.2.pom
Progress (1): 7.2/12 kB
Progress (1): 12 kB    
                   
Downloaded from aliyunmaven: https://maven.aliyun.com/repository/central/com/fasterxml/jackson/jackson-base/2.19.2/jackson-base-2.19.2.pom (12 kB at 8.4 kB/s)
Downloading from aliyunmaven: https://maven.aliyun.com/repository/central/org/junit/junit-bom/5.11.4/junit-bom-5.11.4.pom
Progress (1): 5.6 kB
                    
Downloaded from aliyunmaven: https://maven.aliyun.com/repository/central/org/junit/junit-bom/5.11.4/junit-bom-5.11.4.pom (5.6 kB at 3.2 kB/s)
Downloading from aliyunmaven: https://maven.aliyun.com/repository/central/com/fasterxml/jackson/core/jackson-annotations/2.19.2/jackson-annotations-2.19.2.pom
Progress (1): 6.9 kB
                    
Downloaded from aliyunmaven: https://maven.aliyun.com/repository/central/com/fasterxml/jackson/core/jackson-annotations/2.19.2/jackson-annotations-2.19.2.pom (6.9 kB at 5.9 kB/s)
Downloading from aliyunmaven: https://maven.aliyun.com/repository/central/com/fasterxml/jackson/core/jackson-core/2.19.2/jackson-core-2.19.2.pom
Progress (1): 7.3/9.4 kB
Progress (1): 9.4 kB    
                    
Downloaded from aliyunmaven: https://maven.aliyun.com/repository/central/com/fasterxml/jackson/core/jackson-core/2.19.2/jackson-core-2.19.2.pom (9.4 kB at 15 kB/s)
Downloading from aliyunmaven: https://maven.aliyun.com/repository/central/com/fasterxml/jackson/datatype/jackson-datatype-jdk8/2.19.2/jackson-datatype-jdk8-2.19.2.pom
Progress (1): 2.8 kB
                    
Downloaded from aliyunmaven: https://maven.aliyun.com/repository/central/com/fasterxml/jackson/datatype/jackson-datatype-jdk8/2.19.2/jackson-datatype-jdk8-2.19.2.pom (2.8 kB at 3.4 kB/s)
Downloading from aliyunmaven: https://maven.aliyun.com/repository/central/com/fasterxml/jackson/module/jackson-modules-java8/2.19.2/jackson-modules-java8-2.19.2.pom
Progress (1): 3.1 kB
                    
Downloaded from aliyunmaven: https://maven.aliyun.com/repository/central/com/fasterxml/jackson/module/jackson-modules-java8/2.19.2/jackson-modules-java8-2.19.2.pom (3.1 kB at 2.5 kB/s)
Downloading from aliyunmaven: https://maven.aliyun.com/repository/central/com/fasterxml/jackson/datatype/jackson-datatype-jsr310/2.19.2/jackson-datatype-jsr310-2.19.2.pom
Progress (1): 5.4 kB
                    
Downloaded from aliyunmaven: https://maven.aliyun.com/repository/central/com/fasterxml/jackson/datatype/jackson-datatype-jsr310/2.19.2/jackson-datatype-jsr310-2.19.2.pom (5.4 kB at 9.0 kB/s)
Downloading from aliyunmaven: https://maven.aliyun.com/repository/central/com/fasterxml/jackson/module/jackson-module-parameter-names/2.19.2/jackson-module-parameter-names-2.19.2.pom
Progress (1): 0.4/4.4 kB
Progress (1): 4.4 kB    
                    
Downloaded from aliyunmaven: https://maven.aliyun.com/repository/central/com/fasterxml/jackson/module/jackson-module-parameter-names/2.19.2/jackson-module-parameter-names-2.19.2.pom (4.4 kB at 3.6 kB/s)
Downloading from aliyunmaven: https://maven.aliyun.com/repository/central/org/springframework/boot/spring-boot-starter-tomcat/3.5.7/spring-boot-starter-tomcat-3.5.7.pom
Progress (1): 1.9/3.1 kB
Progress (1): 3.1 kB    
                    
Downloaded from aliyunmaven: https://maven.aliyun.com/repository/central/org/springframework/boot/spring-boot-starter-tomcat/3.5.7/spring-boot-starter-tomcat-3.5.7.pom (3.1 kB at 5.0 kB/s)
Downloading from aliyunmaven: https://maven.aliyun.com/repository/central/org/apache/tomcat/embed/tomcat-embed-core/10.1.48/tomcat-embed-core-10.1.48.pom
Progress (1): 0.4/1.7 kB
Progress (1): 1.7 kB    
                    
Downloaded from aliyunmaven: https://maven.aliyun.com/repository/central/org/apache/tomcat/embed/tomcat-embed-core/10.1.48/tomcat-embed-core-10.1.48.pom (1.7 kB at 2.4 kB/s)
Downloading from aliyunmaven: https://maven.aliyun.com/repository/central/org/apache/tomcat/embed/tomcat-embed-el/10.1.48/tomcat-embed-el-10.1.48.pom
Progress (1): 1.5 kB
                    
Downloaded from aliyunmaven: https://maven.aliyun.com/repository/central/org/apache/tomcat/embed/tomcat-embed-el/10.1.48/tomcat-embed-el-10.1.48.pom (1.5 kB at 2.6 kB/s)
Downloading from aliyunmaven: https://maven.aliyun.com/repository/central/org/apache/tomcat/embed/tomcat-embed-websocket/10.1.48/tomcat-embed-websocket-10.1.48.pom
Progress (1): 1.7 kB
                    
Downloaded from aliyunmaven: https://maven.aliyun.com/repository/central/org/apache/tomcat/embed/tomcat-embed-websocket/10.1.48/tomcat-embed-websocket-10.1.48.pom (1.7 kB at 1.7 kB/s)
Downloading from aliyunmaven: https://maven.aliyun.com/repository/central/org/springframework/spring-webmvc/6.2.12/spring-webmvc-6.2.12.pom
Progress (1): 1.5/3.0 kB
Progress (1): 3.0 kB    
                    
Downloaded from aliyunmaven: https://maven.aliyun.com/repository/central/org/springframework/spring-webmvc/6.2.12/spring-webmvc-6.2.12.pom (3.0 kB at 4.3 kB/s)
Downloading from aliyunmaven: https://maven.aliyun.com/repository/central/org/springframework/boot/spring-boot-starter-actuator/3.5.7/spring-boot-starter-actuator-3.5.7.pom
Progress (1): 2.8 kB
                    
Downloaded from aliyunmaven: https://maven.aliyun.com/repository/central/org/springframework/boot/spring-boot-starter-actuator/3.5.7/spring-boot-starter-actuator-3.5.7.pom (2.8 kB at 2.3 kB/s)
Downloading from aliyunmaven: https://maven.aliyun.com/repository/central/org/springframework/boot/spring-boot-actuator-autoconfigure/3.5.7/spring-boot-actuator-autoconfigure-3.5.7.pom
Progress (1): 2.9 kB
                    
Downloaded from aliyunmaven: https://maven.aliyun.com/repository/central/org/springframework/boot/spring-boot-actuator-autoconfigure/3.5.7/spring-boot-actuator-autoconfigure-3.5.7.pom (2.9 kB at 3.2 kB/s)
Downloading from aliyunmaven: https://maven.aliyun.com/repository/central/org/springframework/boot/spring-boot-actuator/3.5.7/spring-boot-actuator-3.5.7.pom
Progress (1): 2.0 kB
                    
Downloaded from aliyunmaven: https://maven.aliyun.com/repository/central/org/springframework/boot/spring-boot-actuator/3.5.7/spring-boot-actuator-3.5.7.pom (2.0 kB at 2.2 kB/s)
Downloading from aliyunmaven: https://maven.aliyun.com/repository/central/io/micrometer/micrometer-jakarta9/1.15.5/micrometer-jakarta9-1.15.5.pom
Progress (1): 1.9/3.8 kB
Progress (1): 3.8 kB    
                    
Downloaded from aliyunmaven: https://maven.aliyun.com/repository/central/io/micrometer/micrometer-jakarta9/1.15.5/micrometer-jakarta9-1.15.5.pom (3.8 kB at 6.5 kB/s)
Downloading from aliyunmaven: https://maven.aliyun.com/repository/central/io/micrometer/micrometer-core/1.15.5/micrometer-core-1.15.5.pom
Progress (1): 7.3/11 kB
Progress (1): 11 kB    
                   
Downloaded from aliyunmaven: https://maven.aliyun.com/repository/central/io/micrometer/micrometer-core/1.15.5/micrometer-core-1.15.5.pom (11 kB at 4.7 kB/s)
Downloading from aliyunmaven: https://maven.aliyun.com/repository/central/org/hdrhistogram/HdrHistogram/2.2.2/HdrHistogram-2.2.2.pom
Progress (1): 1.9/13 kB
Progress (1): 13 kB    
                   
Downloaded from aliyunmaven: https://maven.aliyun.com/repository/central/org/hdrhistogram/HdrHistogram/2.2.2/HdrHistogram-2.2.2.pom (13 kB at 11 kB/s)
Downloading from aliyunmaven: https://maven.aliyun.com/repository/central/org/latencyutils/LatencyUtils/2.0.3/LatencyUtils-2.0.3.pom
Progress (1): 7.2 kB
                    
Downloaded from aliyunmaven: https://maven.aliyun.com/repository/central/org/latencyutils/LatencyUtils/2.0.3/LatencyUtils-2.0.3.pom (7.2 kB at 8.7 kB/s)
Downloading from aliyunmaven: https://maven.aliyun.com/repository/central/org/springframework/boot/spring-boot-starter-data-jpa/3.5.7/spring-boot-starter-data-jpa-3.5.7.pom
Progress (1): 0.1/2.9 kB
Progress (1): 2.9 kB    
                    
Downloaded from aliyunmaven: https://maven.aliyun.com/repository/central/org/springframework/boot/spring-boot-starter-data-jpa/3.5.7/spring-boot-starter-data-jpa-3.5.7.pom (2.9 kB at 1.9 kB/s)
Downloading from aliyunmaven: https://maven.aliyun.com/repository/central/org/springframework/boot/spring-boot-starter-jdbc/3.5.7/spring-boot-starter-jdbc-3.5.7.pom
Progress (1): 2.5 kB
                    
Downloaded from aliyunmaven: https://maven.aliyun.com/repository/central/org/springframework/boot/spring-boot-starter-jdbc/3.5.7/spring-boot-starter-jdbc-3.5.7.pom (2.5 kB at 1.6 kB/s)
Downloading from aliyunmaven: https://maven.aliyun.com/repository/central/com/zaxxer/HikariCP/6.3.3/HikariCP-6.3.3.pom
Progress (1): 4.8/29 kB
Progress (1): 21/29 kB 
Progress (1): 29 kB   
                   
Downloaded from aliyunmaven: https://maven.aliyun.com/repository/central/com/zaxxer/HikariCP/6.3.3/HikariCP-6.3.3.pom (29 kB at 18 kB/s)
Downloading from aliyunmaven: https://maven.aliyun.com/repository/central/org/springframework/spring-jdbc/6.2.12/spring-jdbc-6.2.12.pom
Progress (1): 2.4 kB
                    
Downloaded from aliyunmaven: https://maven.aliyun.com/repository/central/org/springframework/spring-jdbc/6.2.12/spring-jdbc-6.2.12.pom (2.4 kB at 2.1 kB/s)
Downloading from aliyunmaven: https://maven.aliyun.com/repository/central/org/springframework/spring-tx/6.2.12/spring-tx-6.2.12.pom
Progress (1): 2.2 kB
                    
Downloaded from aliyunmaven: https://maven.aliyun.com/repository/central/org/springframework/spring-tx/6.2.12/spring-tx-6.2.12.pom (2.2 kB at 1.6 kB/s)
Downloading from aliyunmaven: https://maven.aliyun.com/repository/central/org/hibernate/orm/hibernate-core/6.6.33.Final/hibernate-core-6.6.33.Final.pom
Progress (1): 5.8 kB
                    
Downloaded from aliyunmaven: https://maven.aliyun.com/repository/central/org/hibernate/orm/hibernate-core/6.6.33.Final/hibernate-core-6.6.33.Final.pom (5.8 kB at 4.1 kB/s)
Downloading from aliyunmaven: https://maven.aliyun.com/repository/central/jakarta/persistence/jakarta.persistence-api/3.1.0/jakarta.persistence-api-3.1.0.pom
Progress (1): 0.5/16 kB
Progress (1): 16 kB    
                   
Downloaded from aliyunmaven: https://maven.aliyun.com/repository/central/jakarta/persistence/jakarta.persistence-api/3.1.0/jakarta.persistence-api-3.1.0.pom (16 kB at 31 kB/s)
Downloading from aliyunmaven: https://maven.aliyun.com/repository/central/jakarta/transaction/jakarta.transaction-api/2.0.1/jakarta.transaction-api-2.0.1.pom
Progress (1): 1.9/14 kB
Progress (1): 14 kB    
                   
Downloaded from aliyunmaven: https://maven.aliyun.com/repository/central/jakarta/transaction/jakarta.transaction-api/2.0.1/jakarta.transaction-api-2.0.1.pom (14 kB at 15 kB/s)
Downloading from aliyunmaven: https://maven.aliyun.com/repository/central/org/eclipse/ee4j/project/1.0.6/project-1.0.6.pom
